<?xml version="1.0" encoding="UTF-8"?>
<testng-results ignored="0" total="3" passed="3" failed="0" skipped="0">
  <reporter-output>
  </reporter-output>
  <suite started-at="2023-01-09T02:55:23 PST" name="Suite" finished-at="2023-01-09T02:55:24 PST" duration-ms="91">
    <groups>
    </groups>
    <test started-at="2023-01-09T02:55:23 PST" name="Test" finished-at="2023-01-09T02:55:24 PST" duration-ms="91">
      <class name="jenkins.Tc2test">
        <test-method signature="m2()[pri:0, instance:jenkins.Tc2test@1e1a0406]" started-at="2023-01-09T02:55:24 PST" name="m2" finished-at="2023-01-09T02:55:24 PST" duration-ms="2" status="PASS">
          <reporter-output>
          </reporter-output>
        </test-method> <!-- m2 -->
      </class> <!-- jenkins.Tc2test -->
      <class name="jenkins.Tc1test">
        <test-method signature="m1()[pri:0, instance:jenkins.Tc1test@23c30a20]" started-at="2023-01-09T02:55:24 PST" name="m1" finished-at="2023-01-09T02:55:24 PST" duration-ms="2" status="PASS">
          <reporter-output>
          </reporter-output>
        </test-method> <!-- m1 -->
      </class> <!-- jenkins.Tc1test -->
      <class name="jenkins.Tc3test">
        <test-method signature="m3()[pri:0, instance:jenkins.Tc3test@194bcebf]" started-at="2023-01-09T02:55:24 PST" name="m3" finished-at="2023-01-09T02:55:24 PST" duration-ms="13" status="PASS">
          <reporter-output>
          </reporter-output>
        </test-method> <!-- m3 -->
      </class> <!-- jenkins.Tc3test -->
    </test> <!-- Test -->
  </suite> <!-- Suite -->
</testng-results>
